[10, 11]
Target path is [lazers.api.Target@ac8f73, lazers.api.Repeater@1b5ba60, lazers.api.Repeater@fe1589, lazers.api.Repeater@ab00e1, lazers.api.Repeater@146f510, lazers.api.Repeater@520fdc, lazers.api.Emitter@11c0766]
Current:
lazers.api.Wall@51c3a8
Target
lazers.api.Repeater@520fdc
0
Rotating 6 toward 5
[10, 11]
Target path is [lazers.api.Target@ac8f73, lazers.api.Repeater@1b5ba60, lazers.api.Repeater@fe1589, lazers.api.Repeater@ab00e1, lazers.api.Repeater@146f510, lazers.api.Repeater@520fdc, lazers.api.Emitter@11c0766]
Current:
lazers.api.Wall@51c3a8
Target
lazers.api.Repeater@520fdc
0
Rotating 6 toward 5
[10, 11]
Target path is [lazers.api.Target@ac8f73, lazers.api.Repeater@1b5ba60, lazers.api.Repeater@fe1589, lazers.api.Repeater@ab00e1, lazers.api.Repeater@146f510, lazers.api.Repeater@520fdc, lazers.api.Emitter@11c0766]
Current:
lazers.api.Wall@51c3a8
Target
lazers.api.Repeater@520fdc
0
Rotating 6 toward 5
[10, 11]
Target path is [lazers.api.Target@ac8f73, lazers.api.Repeater@1b5ba60, lazers.api.Repeater@fe1589, lazers.api.Repeater@ab00e1, lazers.api.Repeater@146f510, lazers.api.Repeater@520fdc, lazers.api.Emitter@11c0766]
Current:
lazers.api.Wall@51c3a8
Target
lazers.api.Repeater@520fdc
0
Rotating 6 toward 5
[10, 11]
Target path is [lazers.api.Target@ac8f73, lazers.api.Repeater@1b5ba60, lazers.api.Repeater@fe1589, lazers.api.Repeater@ab00e1, lazers.api.Repeater@146f510, lazers.api.Repeater@520fdc, lazers.api.Emitter@11c0766]
Current:
lazers.api.Wall@51c3a8
Target
lazers.api.Repeater@520fdc
0
Rotating 6 toward 5
[10, 11]
Target path is [lazers.api.Target@ac8f73, lazers.api.Repeater@1b5ba60, lazers.api.Repeater@fe1589, lazers.api.Repeater@ab00e1, lazers.api.Repeater@146f510, lazers.api.Repeater@520fdc, lazers.api.Emitter@11c0766]
Current:
lazers.api.Wall@51c3a8
Target
lazers.api.Repeater@520fdc
0
Rotating 6 toward 5
[10, 11]
Target path is [lazers.api.Target@ac8f73, lazers.api.Repeater@1b5ba60, lazers.api.Repeater@fe1589, lazers.api.Repeater@ab00e1, lazers.api.Repeater@146f510, lazers.api.Repeater@520fdc, lazers.api.Emitter@11c0766]
Current:
lazers.api.Wall@51c3a8
Target
lazers.api.Repeater@520fdc
0
Rotating 6 toward 5
[10, 11]
Target path is [lazers.api.Target@ac8f73, lazers.api.Repeater@1b5ba60, lazers.api.Repeater@fe1589, lazers.api.Repeater@ab00e1, lazers.api.Repeater@146f510, lazers.api.Repeater@520fdc, lazers.api.Emitter@11c0766]
Current:
lazers.api.Wall@51c3a8
Target
lazers.api.Repeater@520fdc
0
Rotating 6 toward 5
[10, 11]
Target path is [lazers.api.Target@ac8f73, lazers.api.Repeater@1b5ba60, lazers.api.Repeater@fe1589, lazers.api.Repeater@ab00e1, lazers.api.Repeater@146f510, lazers.api.Repeater@520fdc, lazers.api.Emitter@11c0766]
Current:
lazers.api.Wall@51c3a8
Target
lazers.api.Repeater@520fdc
0
Rotating 6 toward 5
[10, 11]
Target path is [lazers.api.Target@ac8f73, lazers.api.Repeater@1b5ba60, lazers.api.Repeater@fe1589, lazers.api.Repeater@ab00e1, lazers.api.Repeater@146f510, lazers.api.Repeater@520fdc, lazers.api.Emitter@11c0766]
Current:
lazers.api.Wall@51c3a8
Target
lazers.api.Repeater@520fdc
0
Rotating 6 toward 5
[10, 11]
Target path is [lazers.api.Target@ac8f73, lazers.api.Repeater@1b5ba60, lazers.api.Repeater@fe1589, lazers.api.Repeater@ab00e1, lazers.api.Repeater@146f510, lazers.api.Repeater@520fdc, lazers.api.Emitter@11c0766]
Current:
lazers.api.Wall@51c3a8
Target
lazers.api.Repeater@520fdc
0
Rotating 6 toward 5
[10, 11]
Target path is [lazers.api.Target@ac8f73, lazers.api.Repeater@1b5ba60, lazers.api.Repeater@fe1589, lazers.api.Repeater@ab00e1, lazers.api.Repeater@146f510, lazers.api.Repeater@520fdc, lazers.api.Emitter@11c0766]
Current:
lazers.api.Wall@51c3a8
Target
lazers.api.Repeater@520fdc
0
Rotating 6 toward 5
[10, 11]
Target path is [lazers.api.Target@ac8f73, lazers.api.Repeater@1b5ba60, lazers.api.Repeater@fe1589, lazers.api.Repeater@ab00e1, lazers.api.Repeater@146f510, lazers.api.Repeater@520fdc, lazers.api.Emitter@11c0766]
Current:
lazers.api.Wall@51c3a8
Target
lazers.api.Repeater@520fdc
0
Rotating 6 toward 5
[10, 11]
Target path is [lazers.api.Target@ac8f73, lazers.api.Repeater@1b5ba60, lazers.api.Repeater@fe1589, lazers.api.Repeater@ab00e1, lazers.api.Repeater@146f510, lazers.api.Repeater@520fdc, lazers.api.Emitter@11c0766]
Current:
lazers.api.Wall@51c3a8
Target
lazers.api.Repeater@520fdc
0
Rotating 6 toward 5
[10, 11]
Target path is [lazers.api.Target@ac8f73, lazers.api.Repeater@1b5ba60, lazers.api.Repeater@fe1589, lazers.api.Repeater@ab00e1, lazers.api.Repeater@146f510, lazers.api.Repeater@520fdc, lazers.api.Emitter@11c0766]
Current:
lazers.api.Wall@51c3a8
Target
lazers.api.Repeater@520fdc
0
Rotating 6 toward 5
[10, 11]
Target path is [lazers.api.Target@ac8f73, lazers.api.Repeater@1b5ba60, lazers.api.Repeater@fe1589, lazers.api.Repeater@ab00e1, lazers.api.Repeater@146f510, lazers.api.Repeater@520fdc, lazers.api.Emitter@11c0766]
Current:
lazers.api.Wall@51c3a8
Target
lazers.api.Repeater@520fdc
0
Rotating 6 toward 5
[10, 11]
Target path is [lazers.api.Target@ac8f73, lazers.api.Repeater@1b5ba60, lazers.api.Repeater@fe1589, lazers.api.Repeater@ab00e1, lazers.api.Repeater@146f510, lazers.api.Repeater@520fdc, lazers.api.Emitter@11c0766]
Current:
lazers.api.Wall@51c3a8
Target
lazers.api.Repeater@520fdc
0
Rotating 6 toward 5
[10, 11]
Target path is [lazers.api.Target@ac8f73, lazers.api.Repeater@1b5ba60, lazers.api.Repeater@fe1589, lazers.api.Repeater@ab00e1, lazers.api.Repeater@146f510, lazers.api.Repeater@520fdc, lazers.api.Emitter@11c0766]
Current:
lazers.api.Wall@51c3a8
Target
lazers.api.Repeater@520fdc
0
Rotating 6 toward 5
[10, 11]
Target path is [lazers.api.Target@ac8f73, lazers.api.Repeater@1b5ba60, lazers.api.Repeater@fe1589, lazers.api.Repeater@ab00e1, lazers.api.Repeater@146f510, lazers.api.Repeater@520fdc, lazers.api.Emitter@11c0766]
Current:
lazers.api.Wall@51c3a8
Target
lazers.api.Repeater@520fdc
0
Rotating 6 toward 5
[10, 11]
Target path is [lazers.api.Target@ac8f73, lazers.api.Repeater@1b5ba60, lazers.api.Repeater@fe1589, lazers.api.Repeater@ab00e1, lazers.api.Repeater@146f510, lazers.api.Repeater@520fdc, lazers.api.Emitter@11c0766]
Current:
lazers.api.Wall@51c3a8
Target
lazers.api.Repeater@520fdc
0
Rotating 6 toward 5
[10, 11]
Target path is [lazers.api.Target@ac8f73, lazers.api.Repeater@1b5ba60, lazers.api.Repeater@fe1589, lazers.api.Repeater@ab00e1, lazers.api.Repeater@146f510, lazers.api.Repeater@520fdc, lazers.api.Emitter@11c0766]
Current:
lazers.api.Wall@51c3a8
Target
lazers.api.Repeater@520fdc
0
Rotating 6 toward 5
[10, 11]
Target path is [lazers.api.Target@ac8f73, lazers.api.Repeater@1b5ba60, lazers.api.Repeater@fe1589, lazers.api.Repeater@ab00e1, lazers.api.Repeater@146f510, lazers.api.Repeater@520fdc, lazers.api.Emitter@11c0766]
Current:
lazers.api.Wall@51c3a8
Target
lazers.api.Repeater@520fdc
0
Rotating 6 toward 5
[10, 11]
Target path is [lazers.api.Target@ac8f73, lazers.api.Repeater@1b5ba60, lazers.api.Repeater@fe1589, lazers.api.Repeater@ab00e1, lazers.api.Repeater@146f510, lazers.api.Repeater@520fdc, lazers.api.Emitter@11c0766]
Current:
lazers.api.Wall@51c3a8
Target
lazers.api.Repeater@520fdc
0
Rotating 6 toward 5
[10, 11]
Target path is [lazers.api.Target@ac8f73, lazers.api.Repeater@1b5ba60, lazers.api.Repeater@fe1589, lazers.api.Repeater@ab00e1, lazers.api.Repeater@146f510, lazers.api.Repeater@520fdc, lazers.api.Emitter@11c0766]
Current:
lazers.api.Wall@51c3a8
Target
lazers.api.Repeater@520fdc
0
Rotating 6 toward 5
[10, 11]
Target path is [lazers.api.Target@ac8f73, lazers.api.Repeater@1b5ba60, lazers.api.Repeater@fe1589, lazers.api.Repeater@ab00e1, lazers.api.Repeater@146f510, lazers.api.Repeater@520fdc, lazers.api.Emitter@11c0766]
Current:
lazers.api.Wall@51c3a8
Target
lazers.api.Repeater@520fdc
0
Rotating 6 toward 5
[10, 11]
Target path is [lazers.api.Target@ac8f73, lazers.api.Repeater@1b5ba60, lazers.api.Repeater@fe1589, lazers.api.Repeater@ab00e1, lazers.api.Repeater@146f510, lazers.api.Repeater@520fdc, lazers.api.Emitter@11c0766]
Current:
lazers.api.Wall@51c3a8
Target
lazers.api.Repeater@520fdc
0
Rotating 6 toward 5
[10, 11]
Target path is [lazers.api.Target@ac8f73, lazers.api.Repeater@1b5ba60, lazers.api.Repeater@fe1589, lazers.api.Repeater@ab00e1, lazers.api.Repeater@146f510, lazers.api.Repeater@520fdc, lazers.api.Emitter@11c0766]
Current:
lazers.api.Wall@51c3a8
Target
lazers.api.Repeater@520fdc
0
Rotating 6 toward 5
[10, 11]
Target path is [lazers.api.Target@ac8f73, lazers.api.Repeater@1b5ba60, lazers.api.Repeater@fe1589, lazers.api.Repeater@ab00e1, lazers.api.Repeater@146f510, lazers.api.Repeater@520fdc, lazers.api.Emitter@11c0766]
Current:
lazers.api.Wall@51c3a8
Target
lazers.api.Repeater@520fdc
0
Rotating 6 toward 5
[10, 11]
Target path is [lazers.api.Target@ac8f73, lazers.api.Repeater@1b5ba60, lazers.api.Repeater@fe1589, lazers.api.Repeater@ab00e1, lazers.api.Repeater@146f510, lazers.api.Repeater@520fdc, lazers.api.Emitter@11c0766]
Current:
lazers.api.Wall@51c3a8
Target
lazers.api.Repeater@520fdc
0
Rotating 6 toward 5
[10, 11]
Target path is [lazers.api.Target@ac8f73, lazers.api.Repeater@1b5ba60, lazers.api.Repeater@fe1589, lazers.api.Repeater@ab00e1, lazers.api.Repeater@146f510, lazers.api.Repeater@520fdc, lazers.api.Emitter@11c0766]
Current:
lazers.api.Wall@51c3a8
Target
lazers.api.Repeater@520fdc
0
Rotating 6 toward 5
[10, 11]
Target path is [lazers.api.Target@ac8f73, lazers.api.Repeater@1b5ba60, lazers.api.Repeater@fe1589, lazers.api.Repeater@ab00e1, lazers.api.Repeater@146f510, lazers.api.Repeater@520fdc, lazers.api.Emitter@11c0766]
Current:
lazers.api.Wall@51c3a8
Target
lazers.api.Repeater@520fdc
0
Rotating 6 toward 5
[10, 11]
Target path is [lazers.api.Target@ac8f73, lazers.api.Repeater@1b5ba60, lazers.api.Repeater@fe1589, lazers.api.Repeater@ab00e1, lazers.api.Repeater@146f510, lazers.api.Repeater@520fdc, lazers.api.Emitter@11c0766]
Current:
lazers.api.Wall@51c3a8
Target
lazers.api.Repeater@520fdc
0
Rotating 6 toward 5
[10, 11]
Target path is [lazers.api.Target@ac8f73, lazers.api.Repeater@1b5ba60, lazers.api.Repeater@fe1589, lazers.api.Repeater@ab00e1, lazers.api.Repeater@146f510, lazers.api.Repeater@520fdc, lazers.api.Emitter@11c0766]
Current:
lazers.api.Wall@51c3a8
Target
lazers.api.Repeater@520fdc
0
Rotating 6 toward 5
[10, 11]
Target path is [lazers.api.Target@ac8f73, lazers.api.Repeater@1b5ba60, lazers.api.Repeater@fe1589, lazers.api.Repeater@ab00e1, lazers.api.Repeater@146f510, lazers.api.Repeater@520fdc, lazers.api.Emitter@11c0766]
Current:
lazers.api.Wall@51c3a8
Target
lazers.api.Repeater@520fdc
0
Rotating 6 toward 5
[10, 11]
Target path is [lazers.api.Target@ac8f73, lazers.api.Repeater@1b5ba60, lazers.api.Repeater@fe1589, lazers.api.Repeater@ab00e1, lazers.api.Repeater@146f510, lazers.api.Repeater@520fdc, lazers.api.Emitter@11c0766]
Current:
lazers.api.Wall@51c3a8
Target
lazers.api.Repeater@520fdc
0
Rotating 6 toward 5
[10, 11]
Target path is [lazers.api.Target@ac8f73, lazers.api.Repeater@1b5ba60, lazers.api.Repeater@fe1589, lazers.api.Repeater@ab00e1, lazers.api.Repeater@146f510, lazers.api.Repeater@520fdc, lazers.api.Emitter@11c0766]
Current:
lazers.api.Wall@51c3a8
Target
lazers.api.Repeater@520fdc
0
Rotating 6 toward 5
[10, 11]
Target path is [lazers.api.Target@ac8f73, lazers.api.Repeater@1b5ba60, lazers.api.Repeater@fe1589, lazers.api.Repeater@ab00e1, lazers.api.Repeater@146f510, lazers.api.Repeater@520fdc, lazers.api.Emitter@11c0766]
Current:
lazers.api.Wall@51c3a8
Target
lazers.api.Repeater@520fdc
0
Rotating 6 toward 5
[10, 11]
Target path is [lazers.api.Target@ac8f73, lazers.api.Repeater@1b5ba60, lazers.api.Repeater@fe1589, lazers.api.Repeater@ab00e1, lazers.api.Repeater@146f510, lazers.api.Repeater@520fdc, lazers.api.Emitter@11c0766]
Current:
lazers.api.Wall@51c3a8
Target
lazers.api.Repeater@520fdc
0
Rotating 6 toward 5
[10, 11]
Target path is [lazers.api.Target@ac8f73, lazers.api.Repeater@1b5ba60, lazers.api.Repeater@fe1589, lazers.api.Repeater@ab00e1, lazers.api.Repeater@146f510, lazers.api.Repeater@520fdc, lazers.api.Emitter@11c0766]
Current:
lazers.api.Wall@51c3a8
Target
lazers.api.Repeater@520fdc
0
Rotating 6 toward 5
[10, 11]
Target path is [lazers.api.Target@ac8f73, lazers.api.Repeater@1b5ba60, lazers.api.Repeater@fe1589, lazers.api.Repeater@ab00e1, lazers.api.Repeater@146f510, lazers.api.Repeater@520fdc, lazers.api.Emitter@11c0766]
Current:
lazers.api.Wall@51c3a8
Target
lazers.api.Repeater@520fdc
0
Rotating 6 toward 5
[10, 11]
Target path is [lazers.api.Target@ac8f73, lazers.api.Repeater@1b5ba60, lazers.api.Repeater@fe1589, lazers.api.Repeater@ab00e1, lazers.api.Repeater@146f510, lazers.api.Repeater@520fdc, lazers.api.Emitter@11c0766]
Current:
lazers.api.Wall@51c3a8
Target
lazers.api.Repeater@520fdc
0
Rotating 6 toward 5
[10, 11]
Target path is [lazers.api.Target@ac8f73, lazers.api.Repeater@1b5ba60, lazers.api.Repeater@fe1589, lazers.api.Repeater@ab00e1, lazers.api.Repeater@146f510, lazers.api.Repeater@520fdc, lazers.api.Emitter@11c0766]
Current:
lazers.api.Wall@51c3a8
Target
lazers.api.Repeater@520fdc
0
Rotating 6 toward 5
[10, 11]
Target path is [lazers.api.Target@ac8f73, lazers.api.Repeater@1b5ba60, lazers.api.Repeater@fe1589, lazers.api.Repeater@ab00e1, lazers.api.Repeater@146f510, lazers.api.Repeater@520fdc, lazers.api.Emitter@11c0766]
Current:
lazers.api.Wall@51c3a8
Target
lazers.api.Repeater@520fdc
0
Rotating 6 toward 5
[10, 11]
Target path is [lazers.api.Target@ac8f73, lazers.api.Repeater@1b5ba60, lazers.api.Repeater@fe1589, lazers.api.Repeater@ab00e1, lazers.api.Repeater@146f510, lazers.api.Repeater@520fdc, lazers.api.Emitter@11c0766]
Current:
lazers.api.Wall@51c3a8
Target
lazers.api.Repeater@520fdc
0
Rotating 6 toward 5
[10, 11]
Target path is [lazers.api.Target@ac8f73, lazers.api.Repeater@1b5ba60, lazers.api.Repeater@fe1589, lazers.api.Repeater@ab00e1, lazers.api.Repeater@146f510, lazers.api.Repeater@520fdc, lazers.api.Emitter@11c0766]
Current:
lazers.api.Wall@51c3a8
Target
lazers.api.Repeater@520fdc
0
Rotating 6 toward 5
[10, 11]
Target path is [lazers.api.Target@ac8f73, lazers.api.Repeater@1b5ba60, lazers.api.Repeater@fe1589, lazers.api.Repeater@ab00e1, lazers.api.Repeater@146f510, lazers.api.Repeater@520fdc, lazers.api.Emitter@11c0766]
Current:
lazers.api.Wall@51c3a8
Target
lazers.api.Repeater@520fdc
0
Rotating 6 toward 5
[10, 11]
Target path is [lazers.api.Target@ac8f73, lazers.api.Repeater@1b5ba60, lazers.api.Repeater@fe1589, lazers.api.Repeater@ab00e1, lazers.api.Repeater@146f510, lazers.api.Repeater@520fdc, lazers.api.Emitter@11c0766]
Current:
lazers.api.Wall@51c3a8
Target
lazers.api.Repeater@520fdc
0
Rotating 6 toward 5
[10, 11]
Target path is [lazers.api.Target@ac8f73, lazers.api.Repeater@1b5ba60, lazers.api.Repeater@fe1589, lazers.api.Repeater@ab00e1, lazers.api.Repeater@146f510, lazers.api.Repeater@520fdc, lazers.api.Emitter@11c0766]
Current:
lazers.api.Wall@51c3a8
Target
lazers.api.Repeater@520fdc
0
Rotating 6 toward 5
[10, 11]
Target path is [lazers.api.Target@ac8f73, lazers.api.Repeater@1b5ba60, lazers.api.Repeater@fe1589, lazers.api.Repeater@ab00e1, lazers.api.Repeater@146f510, lazers.api.Repeater@520fdc, lazers.api.Emitter@11c0766]
Current:
lazers.api.Wall@51c3a8
Target
lazers.api.Repeater@520fdc
0
Rotating 6 toward 5
[10, 11]
Target path is [lazers.api.Target@ac8f73, lazers.api.Repeater@1b5ba60, lazers.api.Repeater@fe1589, lazers.api.Repeater@ab00e1, lazers.api.Repeater@146f510, lazers.api.Repeater@520fdc, lazers.api.Emitter@11c0766]
Current:
lazers.api.Wall@51c3a8
Target
lazers.api.Repeater@520fdc
0
Rotating 6 toward 5
